<?xml version="1.0" encoding="UTF-8"?>
<testsuite name="HelloWorldTest" tests="1" skipped="0" failures="0" errors="0" timestamp="2019-11-18T16:28:03" hostname="DESKTOP-3N7CSE4" time="0.073">
  <properties/>
  <testcase name="helloWorldTest" classname="HelloWorldTest" time="0.073"/>
  <system-out><![CDATA[]]></system-out>
  <system-err><![CDATA[]]></system-err>
</testsuite>
