<?xml version="1.0" encoding="UTF-8"?>
<testsuite name="RnaTranscriptionTest" tests="5" skipped="0" failures="0" errors="0" timestamp="2019-11-20T11:39:07" hostname="DESKTOP-3N7CSE4" time="0.102">
  <properties/>
  <testcase name="thymineComplementIsAdenine" classname="RnaTranscriptionTest" time="0.098"/>
  <testcase name="adenineComplementIsUracil" classname="RnaTranscriptionTest" time="0.0"/>
  <testcase name="rnaTranscription" classname="RnaTranscriptionTest" time="0.001"/>
  <testcase name="guanineComplementIsCytosine" classname="RnaTranscriptionTest" time="0.0"/>
  <testcase name="cytosineComplementIsGuanine" classname="RnaTranscriptionTest" time="0.001"/>
  <system-out><![CDATA[]]></system-out>
  <system-err><![CDATA[]]></system-err>
</testsuite>
