<?xml version="1.0" encoding="UTF-8"?>
<testsuite name="LeapTest" tests="4" skipped="0" failures="0" errors="0" timestamp="2019-11-17T14:09:37" hostname="DESKTOP-3N7CSE4" time="0.081">
  <properties/>
  <testcase name="yearDivisibleBy100NotDivisibleBy400" classname="LeapTest" time="0.078"/>
  <testcase name="yearNotDivisibleBy4" classname="LeapTest" time="0.0"/>
  <testcase name="yearDivisibleBy4NotDivisibleBy100" classname="LeapTest" time="0.0"/>
  <testcase name="yearDivisibleBy400" classname="LeapTest" time="0.0"/>
  <system-out><![CDATA[]]></system-out>
  <system-err><![CDATA[]]></system-err>
</testsuite>
